Arguments: 
  /Users/leixu/.nvm/versions/node/v14.21.1/bin/node /Users/leixu/.nvm/versions/node/v14.21.1/bin/yarn add --dev @types/tfjs

PATH: 
  /Users/leixu/.sdkman/candidates/maven/current/bin:/Users/leixu/.sdkman/candidates/java/current/bin:/Users/leixu/.sdkman/candidates/gradle/current/bin:/Users/leixu/nvim-macos/bin:/Users/leixu/go/bin:/Users/leixu/.nvm/versions/node/v14.21.1/bin:/Library/Frameworks/Python.framework/Versions/3.11/bin:/opt/local/bin:/opt/local/sbin:/Library/Frameworks/Python.framework/Versions/3.8/bin:/usr/local/bin:/System/Cryptexes/App/usr/bin:/usr/bin:/bin:/usr/sbin:/sbin:/usr/local/go/bin:/usr/local/share/dotnet:~/.dotnet/tools:/Library/Apple/usr/bin

Yarn version: 
  1.22.19

Node version: 
  14.21.1

Platform: 
  darwin x64

Trace: 
  Error: https://registry.npmmirror.com/@types%2ftfjs: Not found
      at Request.params.callback [as _callback] (/Users/leixu/.nvm/versions/node/v14.21.1/lib/node_modules/yarn/lib/cli.js:66145:18)
      at Request.self.callback (/Users/leixu/.nvm/versions/node/v14.21.1/lib/node_modules/yarn/lib/cli.js:140890:22)
      at Request.emit (events.js:400:28)
      at Request.<anonymous> (/Users/leixu/.nvm/versions/node/v14.21.1/lib/node_modules/yarn/lib/cli.js:141862:10)
      at Request.emit (events.js:400:28)
      at IncomingMessage.<anonymous> (/Users/leixu/.nvm/versions/node/v14.21.1/lib/node_modules/yarn/lib/cli.js:141784:12)
      at Object.onceWrapper (events.js:519:28)
      at IncomingMessage.emit (events.js:412:35)
      at endReadableNT (internal/streams/readable.js:1333:12)
      at processTicksAndRejections (internal/process/task_queues.js:82:21)

npm manifest: 
  {
    "name": "vscode-types-installer-helper",
    "displayName": "Types Installer Helper",
    "description": "Helps you install @types modules",
    "version": "0.0.1",
    "engines": {
      "vscode": "^1.74.0"
    },
    "categories": [
      "Other"
    ],
    "activationEvents": [
      "onCommand:vscode-types-installer-helper.helloWorld"
    ],
    "main": "./out/extension.js",
    "contributes": {
      "commands": [
        {
          "command": "vscode-types-installer-helper.helloWorld",
          "title": "Hello World"
        }
      ]
    },
    "scripts": {
      "vscode:prepublish": "yarn run compile",
      "compile": "tsc -p ./",
      "watch": "tsc -watch -p ./",
      "pretest": "yarn run compile && yarn run lint",
      "lint": "eslint src --ext ts",
      "test": "node ./out/test/runTest.js"
    },
    "devDependencies": {
      "@types/express": "4.17.1",
      "@types/vscode": "^1.74.0",
      "@types/glob": "^8.0.0",
      "@types/mocha": "^10.0.1",
      "@types/node": "16.x",
      "@typescript-eslint/eslint-plugin": "^5.45.0",
      "@typescript-eslint/parser": "^5.45.0",
      "eslint": "^8.28.0",
      "glob": "^8.0.3",
      "mocha": "^10.1.0",
      "typescript": "^4.9.3",
      "@vscode/test-electron": "^2.2.0"
    },
    "dependencies": {
  		"express": "4.17.1",
      "tfjs": "^0.6.0"
  	}
  }

yarn manifest: 
  No manifest

Lockfile: 
  No lockfile
